<?xml version="1.0" encoding="utf-8"?><testsuites name="pytest tests"><testsuite name="pytest" errors="0" failures="0" skipped="0" tests="26" time="0.208" timestamp="2026-03-29T20:32:49.552946+02:00" hostname="appledeMacBook-Pro.local"><testcase classname="tests.test_flask_app.TestFlaskAppInitialization" name="test_app_creation" time="0.087" /><testcase classname="tests.test_flask_app.TestFlaskAppInitialization" name="test_environment_loading" time="0.000" /><testcase classname="tests.test_flask_app.TestFlaskAppInitialization" name="test_bcrypt_initialization" time="0.000" /><testcase classname="tests.test_flask_app.TestHomeRoute" name="test_home_route_returns_template" time="0.000" /><testcase classname="tests.test_flask_app.TestTemplateRendering" name="test_trader_template_renders_without_syntax_errors" time="0.011" /><testcase classname="tests.test_flask_app.TestLoginRoute" name="test_login_get_request" time="0.001" /><testcase classname="tests.test_flask_app.TestLoginRoute" name="test_login_post_empty_fields" time="0.000" /><testcase classname="tests.test_flask_app.TestLoginRoute" name="test_login_post_invalid_credentials" time="0.000" /><testcase classname="tests.test_flask_app.TestLoginRoute" name="test_login_post_success" time="0.000" /><testcase classname="tests.test_flask_app.TestFlashMessageCentralization" name="test_centralize_alerts_excludes_api_routes" time="0.000" /><testcase classname="tests.test_flask_app.TestFlashMessageCentralization" name="test_centralize_alerts_error_status_code" time="0.000" /><testcase classname="tests.test_flask_app.TestAuthDecorators" name="test_login_required_decorator_protection" time="0.000" /><testcase classname="tests.test_flask_app.TestAuthDecorators" name="test_carrier_required_decorator_protection" time="0.000" /><testcase classname="tests.test_flask_app.TestSessionManagement" name="test_session_set_on_login" time="0.000" /><testcase classname="tests.test_flask_app.TestSessionManagement" name="test_session_cleared_on_logout" time="0.000" /><testcase classname="tests.test_flask_app.TestSessionManagement" name="test_session_preserves_user_role" time="0.000" /><testcase classname="tests.test_flask_app.TestErrorHandling" name="test_database_error_returns_error_message" time="0.000" /><testcase classname="tests.test_flask_app.TestErrorHandling" name="test_invalid_input_validation" time="0.000" /><testcase classname="tests.test_flask_app.TestErrorHandling" name="test_missing_required_fields" time="0.000" /><testcase classname="tests.test_flask_app.TestResponseFormats" name="test_html_response_format" time="0.000" /><testcase classname="tests.test_flask_app.TestResponseFormats" name="test_json_response_format" time="0.000" /><testcase classname="tests.test_flask_app.TestResponseFormats" name="test_redirect_responses" time="0.000" /><testcase classname="tests.test_flask_app.TestSecurityHeaders" name="test_session_cookie_secure" time="0.000" /><testcase classname="tests.test_flask_app.TestSecurityHeaders" name="test_csrf_protection" time="0.000" /><testcase classname="tests.test_flask_app.TestRateLimiting" name="test_login_rate_limit" time="0.000" /><testcase classname="tests.test_flask_app.TestRateLimiting" name="test_password_reset_rate_limit" time="0.001" /></testsuite></testsuites>