<?xml version="1.0" encoding="utf-8"?><testsuites name="pytest tests"><testsuite name="pytest" errors="0" failures="0" skipped="0" tests="13" time="0.254" timestamp="2026-03-29T20:29:31.917332+02:00" hostname="appledeMacBook-Pro.local"><testcase classname="tests.test_integration.TestTradeOnboardingWorkflow" name="test_trader_registration_workflow" time="0.229" /><testcase classname="tests.test_integration.TestTradeOnboardingWorkflow" name="test_trader_booking_workflow" time="0.002" /><testcase classname="tests.test_integration.TestCarrierOnboardingWorkflow" name="test_carrier_registration_and_container_creation" time="0.001" /><testcase classname="tests.test_integration.TestCarrierOnboardingWorkflow" name="test_carrier_container_workflow" time="0.001" /><testcase classname="tests.test_integration.TestPaymentWorkflow" name="test_shipment_payment_workflow" time="0.001" /><testcase classname="tests.test_integration.TestNotificationWorkflow" name="test_booking_notification_workflow" time="0.001" /><testcase classname="tests.test_integration.TestConcurrentBookingScenario" name="test_concurrent_bookings_same_container" time="0.001" /><testcase classname="tests.test_integration.TestErrorRecoveryWorkflow" name="test_rollback_on_booking_failure" time="0.001" /><testcase classname="tests.test_integration.TestErrorRecoveryWorkflow" name="test_retry_on_connection_failure" time="0.001" /><testcase classname="tests.test_integration.TestDataValidationIntegration" name="test_shipment_weight_validation_across_items" time="0.001" /><testcase classname="tests.test_integration.TestDataValidationIntegration" name="test_container_capacity_validation" time="0.000" /><testcase classname="tests.test_integration.TestDataValidationIntegration" name="test_distance_calculation_validation" time="0.001" /><testcase classname="tests.test_integration.TestDataValidationIntegration" name="test_pricing_calculation_validation" time="0.001" /></testsuite></testsuites>