<?xml version="1.0" encoding="utf-8"?><testsuites name="pytest tests"><testsuite name="pytest" errors="0" failures="0" skipped="0" tests="46" time="0.337" timestamp="2026-03-29T20:16:08.293950+02:00" hostname="appledeMacBook-Pro.local"><testcase classname="tests.test_authentication.TestAuthenticationFunctions" name="test_hash_reset_token" time="0.150" /><testcase classname="tests.test_authentication.TestAuthenticationFunctions" name="test_hash_reset_token_consistency" time="0.000" /><testcase classname="tests.test_authentication.TestAuthenticationFunctions" name="test_hash_reset_token_different_tokens" time="0.000" /><testcase classname="tests.test_authentication.TestAuthenticationFunctions" name="test_send_reset_email" time="0.001" /><testcase classname="tests.test_authentication.TestLoginRequired" name="test_login_required_redirects_when_no_session" time="0.001" /><testcase classname="tests.test_authentication.TestLoginRequired" name="test_login_required_allows_access_with_session" time="0.000" /><testcase classname="tests.test_authentication.TestCarrierRequired" name="test_carrier_required_denies_non_carriers" time="0.000" /><testcase classname="tests.test_authentication.TestCarrierRequired" name="test_carrier_required_allows_carriers" time="0.000" /><testcase classname="tests.test_authentication.TestPasswordValidation" name="test_validate_password_strength_minimum_length" time="0.000" /><testcase classname="tests.test_authentication.TestPasswordValidation" name="test_validate_email_format" time="0.000" /><testcase classname="tests.test_trader.TestGetRoutes" name="test_get_routes_success" time="0.001" /><testcase classname="tests.test_trader.TestGetRoutes" name="test_get_routes_database_error" time="0.001" /><testcase classname="tests.test_trader.TestGetRoutes" name="test_get_routes_connection_error" time="0.000" /><testcase classname="tests.test_trader.TestGetCarriers" name="test_get_carriers_success" time="0.001" /><testcase classname="tests.test_trader.TestGetCarriers" name="test_get_carriers_with_filters" time="0.001" /><testcase classname="tests.test_trader.TestGetCarriers" name="test_get_carriers_with_limit" time="0.002" /><testcase classname="tests.test_trader.TestGetContainerById" name="test_get_container_by_id_success" time="0.001" /><testcase classname="tests.test_trader.TestGetContainerById" name="test_get_container_by_id_not_found" time="0.000" /><testcase classname="tests.test_trader.TestBookContainer" name="test_book_container_success" time="0.001" /><testcase classname="tests.test_trader.TestBookContainer" name="test_book_container_invalid_items" time="0.001" /><testcase classname="tests.test_trader.TestBookContainer" name="test_book_container_mismatched_items" time="0.001" /><testcase classname="tests.test_trader.TestBookContainer" name="test_book_container_invalid_weights" time="0.001" /><testcase classname="tests.test_trader.TestBookContainer" name="test_book_container_negative_weight" time="0.001" /><testcase classname="tests.test_carrier.TestCreateContainer" name="test_create_container_success" time="0.001" /><testcase classname="tests.test_carrier.TestCreateContainer" name="test_create_container_no_carrier_profile" time="0.001" /><testcase classname="tests.test_carrier.TestCreateContainer" name="test_create_container_database_error" time="0.001" /><testcase classname="tests.test_carrier.TestShowCarrierContainers" name="test_show_carrier_containers_success" time="0.001" /><testcase classname="tests.test_carrier.TestShowCarrierContainers" name="test_show_carrier_containers_empty" time="0.001" /><testcase classname="tests.test_carrier.TestShowCarrierContainers" name="test_show_carrier_containers_database_error" time="0.000" /><testcase classname="tests.test_carrier.TestGetShipmentItems" name="test_get_shipment_items_success" time="0.001" /><testcase classname="tests.test_carrier.TestGetShipmentItems" name="test_get_shipment_items_empty" time="0.001" /><testcase classname="tests.test_carrier.TestGetShipmentItems" name="test_get_shipment_items_database_error" time="0.000" /><testcase classname="tests.test_carrier.TestContainerStatusConstant" name="test_allowed_container_statuses" time="0.000" /><testcase classname="tests.test_carrier.TestContainerStatusConstant" name="test_allowed_shipment_statuses" time="0.000" /><testcase classname="tests.test_carrier.TestContainerStatusConstant" name="test_status_validation" time="0.000" /><testcase classname="tests.test_carrier.TestGetCarrierContainerDetails" name="test_get_carrier_container_details_success" time="0.001" /><testcase classname="tests.test_carrier.TestGetCarrierContainerDetails" name="test_get_carrier_container_details_not_found" time="0.001" /><testcase classname="tests.test_db_pool.TestDatabasePool" name="test_pool_initialization" time="0.001" /><testcase classname="tests.test_db_pool.TestDatabasePool" name="test_get_connection_with_retry_success" time="0.000" /><testcase classname="tests.test_db_pool.TestDatabasePool" name="test_get_connection_with_retry_retries" time="0.001" /><testcase classname="tests.test_db_pool.TestDatabasePool" name="test_get_connection_with_retry_exhausted" time="0.103" /><testcase classname="tests.test_db_pool.TestDatabasePool" name="test_pool_size_from_env_valid" time="0.002" /><testcase classname="tests.test_db_pool.TestDatabasePool" name="test_pool_size_from_env_invalid" time="0.000" /><testcase classname="tests.test_db_pool.TestDatabasePool" name="test_pool_size_minimum" time="0.000" /><testcase classname="tests.test_db_pool.TestConnectionPoolRetryLogic" name="test_retry_delay_increases" time="0.001" /><testcase classname="tests.test_db_pool.TestConnectionPoolRetryLogic" name="test_single_retry_no_delay" time="0.001" /></testsuite></testsuites>