<?xml version="1.0" encoding="utf-8"?><testsuites name="pytest tests"><testsuite name="pytest" errors="0" failures="0" skipped="0" tests="13" time="0.266" timestamp="2026-03-29T20:16:24.773703+02:00" hostname="appledeMacBook-Pro.local"><testcase classname="tests.test_authentication.TestPasswordValidation" name="test_validate_password_strength_minimum_length" time="0.001" /><testcase classname="tests.test_authentication.TestPasswordValidation" name="test_validate_email_format" time="0.001" /><testcase classname="tests.test_carrier.TestContainerStatusConstant" name="test_status_validation" time="0.004" /><testcase classname="tests.test_db_pool.TestDatabasePool" name="test_pool_size_from_env_invalid" time="0.000" /><testcase classname="tests.test_flask_app.TestLoginRoute" name="test_login_post_invalid_credentials" time="0.083" /><testcase classname="tests.test_flask_app.TestErrorHandling" name="test_invalid_input_validation" time="0.000" /><testcase classname="tests.test_flask_app.TestErrorHandling" name="test_missing_required_fields" time="0.000" /><testcase classname="tests.test_integration.TestDataValidationIntegration" name="test_shipment_weight_validation_across_items" time="0.000" /><testcase classname="tests.test_integration.TestDataValidationIntegration" name="test_container_capacity_validation" time="0.000" /><testcase classname="tests.test_integration.TestDataValidationIntegration" name="test_distance_calculation_validation" time="0.000" /><testcase classname="tests.test_integration.TestDataValidationIntegration" name="test_pricing_calculation_validation" time="0.001" /><testcase classname="tests.test_trader.TestBookContainer" name="test_book_container_invalid_items" time="0.001" /><testcase classname="tests.test_trader.TestBookContainer" name="test_book_container_invalid_weights" time="0.001" /></testsuite></testsuites>